<?xml version="1.0" encoding="UTF-8"?>
<!-- Generated by org.testng.reporters.JUnitReportReporter -->
<testsuite hostname="PSL-DilanJ" failures="0" tests="1" name="test.day1" time="0.077" errors="0" timestamp="2025-03-10T17:50:58 IST" skipped="0">
  <testcase classname="test.day1" name="Demo" time="0.077"/>
  <system-out/>
</testsuite> <!-- test.day1 -->
