<?xml version="1.0" encoding="UTF-8"?>
<!-- Generated by org.testng.reporters.JUnitReportReporter -->
<testsuite hostname="PSL-DilanJ" failures="0" tests="7" name="test.day3" time="0.053" errors="0" timestamp="2025-03-05T17:51:24 IST" skipped="1">
  <testcase classname="test.day3" name="MobilesigninCarLoan" time="0.009"/>
  <system-out/>
  <testcase classname="test.day3" name="MobilesigninCarLoan" time="0.012"/>
  <system-out/>
  <testcase classname="test.day3" name="MobileLoginCarLoan" time="0.007"/>
  <system-out/>
  <testcase classname="test.day3" name="MobilesigninCarLoan" time="0.007"/>
  <system-out/>
  <testcase classname="test.day3" name="WebloginCarLoan" time="0.012"/>
  <system-out/>
  <testcase classname="test.day3" name="LoginAPICarLoan" time="0.006"/>
  <system-out/>
  <testcase classname="test.day3" name="MobilesignoutCarLoan">
    <skipped/>
  </testcase> <!-- MobilesignoutCarLoan -->
  <system-out/>
</testsuite> <!-- test.day3 -->
