<?xml version="1.0" encoding="UTF-8"?>
<!-- Generated by org.testng.reporters.JUnitReportReporter -->
<testsuite hostname="PSL-DilanJ" failures="0" tests="1" name="test.day2" time="0.005" errors="0" timestamp="2025-03-05T17:51:24 IST" skipped="0">
  <testcase classname="test.day2" name="pload" time="0.005"/>
  <system-out/>
</testsuite> <!-- test.day2 -->
