<?xml version="1.0" encoding="UTF-8"?>
<!-- Generated by org.testng.reporters.JUnitReportReporter -->
<testsuite hostname="PSL-DilanJ" failures="0" tests="7" name="test.day3" time="0.025" errors="0" timestamp="2025-03-10T17:50:58 IST" skipped="1">
  <testcase classname="test.day3" name="MobilesigninCarLoan" time="0.003"/>
  <system-out/>
  <testcase classname="test.day3" name="MobilesigninCarLoan" time="0.005"/>
  <system-out/>
  <testcase classname="test.day3" name="MobileLoginCarLoan" time="0.003"/>
  <system-out/>
  <testcase classname="test.day3" name="MobilesigninCarLoan" time="0.005"/>
  <system-out/>
  <testcase classname="test.day3" name="WebloginCarLoan" time="0.004"/>
  <system-out/>
  <testcase classname="test.day3" name="LoginAPICarLoan" time="0.005"/>
  <system-out/>
  <testcase classname="test.day3" name="MobilesignoutCarLoan">
    <skipped/>
  </testcase> <!-- MobilesignoutCarLoan -->
  <system-out/>
</testsuite> <!-- test.day3 -->
