<?xml version="1.0" encoding="UTF-8"?>
<!-- Generated by org.testng.reporters.JUnitReportReporter -->
<testsuite hostname="PSL-DilanJ" failures="0" tests="3" name="test.day4" time="0.020" errors="0" timestamp="2025-03-05T17:51:24 IST" skipped="0">
  <testcase classname="test.day4" name="WebloginHomeLoan" time="0.008"/>
  <system-out/>
  <testcase classname="test.day4" name="MobileLoginHomeLoan" time="0.006"/>
  <system-out/>
  <testcase classname="test.day4" name="LoginAPIHomeLoan" time="0.006"/>
  <system-out/>
</testsuite> <!-- test.day4 -->
