<?xml version="1.0" encoding="UTF-8"?>
<!-- Generated by org.testng.reporters.JUnitReportReporter -->
<testsuite hostname="PSL-DilanJ" failures="0" tests="1" name="test.day1" time="0.157" errors="0" timestamp="2025-03-05T17:51:24 IST" skipped="0">
  <testcase classname="test.day1" name="Demo" time="0.157"/>
  <system-out/>
</testsuite> <!-- test.day1 -->
